# JRE version: OpenJDK Runtime Environment Temurin-17.0.10+7 (17.0.10+7) (build 17.0.10+7)
# Java VM: OpenJDK 64-Bit Server VM Temurin-17.0.10+7 (17.0.10+7, mixed mode, emulated-client, tiered, compressed oops, compressed class ptrs, g1 gc, windows-amd64)
GC Precious Log:
 CPUs: 8 total, 8 available
 Memory: 7959M
 Large Page Support: Disabled
 NUMA Support: Disabled
 Compressed Oops: Enabled (32-bit)
 Heap Region Size: 1M
 Heap Min Capacity: 8M
 Heap Initial Capacity: 126M
 Heap Max Capacity: 1G
 Pre-touch: Disabled
 Parallel Workers: 8
 Concurrent Workers: 2
 Concurrent Refinement Workers: 8
 Periodic GC: Disabled
Heap:
 garbage-first heap   total 106496K, used 39359K [0x00000000c0000000, 0x0000000100000000)
  region size 1024K, 1 young (1024K), 0 survivors (0K)
 Metaspace       used 59590K, committed 60032K, reserved 1114112K
  class space    used 7414K, committed 7616K, reserved 1048576K
GC Heap History (20 events):
Event: 8800.809 GC heap before
{Heap before GC invocations=691 (full 525):
 garbage-first heap   total 106496K, used 39359K [0x00000000c0000000, 0x0000000100000000)
  region size 1024K, 1 young (1024K), 0 survivors (0K)
 Metaspace       used 59590K, committed 60032K, reserved 1114112K
  class space    used 7414K, committed 7616K, reserved 1048576K
}
Event: 8800.891 GC heap after
{Heap after GC invocations=692 (full 526):
 garbage-first heap   total 106496K, used 39359K [0x00000000c0000000, 0x0000000100000000)
  region size 1024K, 0 young (0K), 0 survivors (0K)
 Metaspace       used 59590K, committed 60032K, reserved 1114112K
  class space    used 7414K, committed 7616K, reserved 1048576K
}
Event: 8811.635 GC heap before
{Heap before GC invocations=692 (full 526):
 garbage-first heap   total 106496K, used 39359K [0x00000000c0000000, 0x0000000100000000)
  region size 1024K, 1 young (1024K), 0 survivors (0K)
 Metaspace       used 59590K, committed 60032K, reserved 1114112K
  class space    used 7414K, committed 7616K, reserved 1048576K
}
Event: 8811.717 GC heap after
{Heap after GC invocations=693 (full 527):
 garbage-first heap   total 106496K, used 39359K [0x00000000c0000000, 0x0000000100000000)
  region size 1024K, 0 young (0K), 0 survivors (0K)
 Metaspace       used 59590K, committed 60032K, reserved 1114112K
  class space    used 7414K, committed 7616K, reserved 1048576K
}
Event: 8822.549 GC heap before
{Heap before GC invocations=693 (full 527):
 garbage-first heap   total 106496K, used 39359K [0x00000000c0000000, 0x0000000100000000)
  region size 1024K, 1 young (1024K), 0 survivors (0K)
 Metaspace       used 59590K, committed 60032K, reserved 1114112K
  class space    used 7414K, committed 7616K, reserved 1048576K
}
Event: 8822.635 GC heap after
{Heap after GC invocations=694 (full 528):
 garbage-first heap   total 106496K, used 39359K [0x00000000c0000000, 0x0000000100000000)
  region size 1024K, 0 young (0K), 0 survivors (0K)
 Metaspace       used 59590K, committed 60032K, reserved 1114112K
  class space    used 7414K, committed 7616K, reserved 1048576K
}
Event: 8833.149 GC heap before
{Heap before GC invocations=694 (full 528):
 garbage-first heap   total 106496K, used 39359K [0x00000000c0000000, 0x0000000100000000)
  region size 1024K, 1 young (1024K), 0 survivors (0K)
 Metaspace       used 59590K, committed 60032K, reserved 1114112K
  class space    used 7414K, committed 7616K, reserved 1048576K
}
Event: 8833.230 GC heap after
{Heap after GC invocations=695 (full 529):
 garbage-first heap   total 106496K, used 39359K [0x00000000c0000000, 0x0000000100000000)
  region size 1024K, 0 young (0K), 0 survivors (0K)
 Metaspace       used 59590K, committed 60032K, reserved 1114112K
  class space    used 7414K, committed 7616K, reserved 1048576K
}
Event: 8843.759 GC heap before
{Heap before GC invocations=695 (full 529):
 garbage-first heap   total 106496K, used 39359K [0x00000000c0000000, 0x0000000100000000)
  region size 1024K, 1 young (1024K), 0 survivors (0K)
 Metaspace       used 59590K, committed 60032K, reserved 1114112K
  class space    used 7414K, committed 7616K, reserved 1048576K
}
Event: 8843.836 GC heap after
{Heap after GC invocations=696 (full 530):
 garbage-first heap   total 106496K, used 39359K [0x00000000c0000000, 0x0000000100000000)
  region size 1024K, 0 young (0K), 0 survivors (0K)
 Metaspace       used 59590K, committed 60032K, reserved 1114112K
  class space    used 7414K, committed 7616K, reserved 1048576K
}
Event: 8854.432 GC heap before
{Heap before GC invocations=696 (full 530):
 garbage-first heap   total 106496K, used 39359K [0x00000000c0000000, 0x0000000100000000)
  region size 1024K, 1 young (1024K), 0 survivors (0K)
 Metaspace       used 59590K, committed 60032K, reserved 1114112K
  class space    used 7414K, committed 7616K, reserved 1048576K
}
Event: 8854.515 GC heap after
{Heap after GC invocations=697 (full 531):
 garbage-first heap   total 106496K, used 39359K [0x00000000c0000000, 0x0000000100000000)
  region size 1024K, 0 young (0K), 0 survivors (0K)
 Metaspace       used 59590K, committed 60032K, reserved 1114112K
  class space    used 7414K, committed 7616K, reserved 1048576K
}
Event: 8865.244 GC heap before
{Heap before GC invocations=697 (full 531):
 garbage-first heap   total 106496K, used 39359K [0x00000000c0000000, 0x0000000100000000)
  region size 1024K, 1 young (1024K), 0 survivors (0K)
 Metaspace       used 59590K, committed 60032K, reserved 1114112K
  class space    used 7414K, committed 7616K, reserved 1048576K
}
Event: 8865.332 GC heap after
{Heap after GC invocations=698 (full 532):
 garbage-first heap   total 106496K, used 39359K [0x00000000c0000000, 0x0000000100000000)
  region size 1024K, 0 young (0K), 0 survivors (0K)
 Metaspace       used 59590K, committed 60032K, reserved 1114112K
  class space    used 7414K, committed 7616K, reserved 1048576K
}
Event: 8876.097 GC heap before
{Heap before GC invocations=698 (full 532):
 garbage-first heap   total 106496K, used 39359K [0x00000000c0000000, 0x0000000100000000)
  region size 1024K, 1 young (1024K), 0 survivors (0K)
 Metaspace       used 59590K, committed 60032K, reserved 1114112K
  class space    used 7414K, committed 7616K, reserved 1048576K
}
Event: 8876.172 GC heap after
{Heap after GC invocations=699 (full 533):
 garbage-first heap   total 106496K, used 39359K [0x00000000c0000000, 0x0000000100000000)
  region size 1024K, 0 young (0K), 0 survivors (0K)
 Metaspace       used 59590K, committed 60032K, reserved 1114112K
  class space    used 7414K, committed 7616K, reserved 1048576K
}
Event: 8894.684 GC heap before
{Heap before GC invocations=699 (full 533):
 garbage-first heap   total 106496K, used 39359K [0x00000000c0000000, 0x0000000100000000)
  region size 1024K, 1 young (1024K), 0 survivors (0K)
 Metaspace       used 59590K, committed 60032K, reserved 1114112K
  class space    used 7414K, committed 7616K, reserved 1048576K
}
Event: 8894.980 GC heap after
{Heap after GC invocations=700 (full 534):
 garbage-first heap   total 106496K, used 39359K [0x00000000c0000000, 0x0000000100000000)
  region size 1024K, 0 young (0K), 0 survivors (0K)
 Metaspace       used 59590K, committed 60032K, reserved 1114112K
  class space    used 7414K, committed 7616K, reserved 1048576K
}
Event: 8906.246 GC heap before
{Heap before GC invocations=700 (full 534):
 garbage-first heap   total 106496K, used 39359K [0x00000000c0000000, 0x0000000100000000)
  region size 1024K, 1 young (1024K), 0 survivors (0K)
 Metaspace       used 59590K, committed 60032K, reserved 1114112K
  class space    used 7414K, committed 7616K, reserved 1048576K
}
Event: 8906.314 GC heap after
{Heap after GC invocations=701 (full 535):
 garbage-first heap   total 106496K, used 39359K [0x00000000c0000000, 0x0000000100000000)
  region size 1024K, 0 young (0K), 0 survivors (0K)
 Metaspace       used 59590K, committed 60032K, reserved 1114112K
  class space    used 7414K, committed 7616K, reserved 1048576K
}

